<?xml version="1.0" encoding="UTF-8"?>
<!-- Generated by org.testng.reporters.JUnitXMLReporter -->
<testsuite ignored="0" hostname="Sachin-pc" failures="0" tests="5" name="Test" time="17.833" errors="0" timestamp="2024-12-09T19:19:46 IST">
  <testcase classname="Test.HomePageTest" name="UrlTest" time="0.22"/>
  <testcase classname="Test.HomePageTest" name="logoTest" time="2.553"/>
  <testcase classname="Test.HomePageTest" name="PageHeaderTest" time="0.123"/>
  <testcase classname="Test.HomePageTest" name="chaintest" time="0.681"/>
  <testcase classname="Test.HomePageTest" name="loginoptionbutton" time="0.055"/>
</testsuite> <!-- Test -->
